<?xml version="1.0" encoding="UTF-8"?>
<testsuite name="testSuite.CreateProjectTest" tests="1" skipped="0" failures="0" errors="0" timestamp="2024-10-23T19:34:07" hostname="WENDYCACERES" time="1.088">
  <properties/>
  <testcase name="createProject()" classname="testSuite.CreateProjectTest" time="1.088"/>
  <system-out><![CDATA[Request method:	POST
Request URI:	https://todo.ly/api/projects.json
Proxy:			<none>
Request params:	<none>
Query params:	<none>
Form params:	<none>
Path params:	<none>
Headers:		Authorization=Basic YXBpMjAyNEAyMDI0LmNvbToxMjM0NQ==
				Accept=*/*
				Content-Type=text/plain; charset=ISO-8859-1
Cookies:		<none>
Multiparts:		<none>
Body:
{"Content":"UPB2024"}
HTTP/1.1 200 OK
Cache-Control: no-cache, no-store, must-revalidate
Pragma: no-cache
Content-Type: application/json; charset=utf-8
Expires: -1
Server: Microsoft-IIS/8.0
Set-Cookie: ASP.NET_SessionId=1dkzet3jzfir4uv0neglomkr; path=/; HttpOnly; SameSite=Lax
X-AspNetMvc-Version: 2.0
X-AspNet-Version: 4.0.30319
X-Powered-By: ASP.NET
Date: Wed, 23 Oct 2024 19:34:12 GMT
Content-Length: 397

{
    "Id": 4370525,
    "Content": "UPB2024",
    "ItemsCount": 0,
    "Icon": 0,
    "ItemType": 2,
    "ParentId": null,
    "Collapsed": false,
    "ItemOrder": 168,
    "Children": [
        
    ],
    "IsProjectShared": false,
    "ProjectShareOwnerName": null,
    "ProjectShareOwnerEmail": null,
    "IsShareApproved": false,
    "IsOwnProject": true,
    "LastSyncedDateTime": "/Date(1729712052424)/",
    "LastUpdatedDate": "/Date(1729712052410)/",
    "Deleted": false,
    "SyncClientCreationId": null
}
]]></system-out>
  <system-err><![CDATA[]]></system-err>
</testsuite>
