<?xml version="1.0" encoding="UTF-8"?>
<testsuite name="basicRestAssured.ProjectTest" tests="1" skipped="0" failures="0" errors="0" timestamp="2024-10-23T19:33:52" hostname="WENDYCACERES" time="7.387">
  <properties/>
  <testcase name="Verify Create Read Update Delete Project - Todo.ly" classname="basicRestAssured.ProjectTest" time="7.387"/>
  <system-out><![CDATA[Request method:	POST
Request URI:	https://todo.ly/api/projects.json
Proxy:			<none>
Request params:	<none>
Query params:	<none>
Form params:	<none>
Path params:	<none>
Headers:		Authorization=Basic YXBpMjAyNEAyMDI0LmNvbToxMjM0NQ==
				Accept=*/*
				Content-Type=text/plain; charset=ISO-8859-1
Cookies:		<none>
Multiparts:		<none>
Body:
{"Content":"RESTJsonBody","Icon":7}
HTTP/1.1 200 OK
Cache-Control: no-cache, no-store, must-revalidate
Pragma: no-cache
Content-Type: application/json; charset=utf-8
Expires: -1
Server: Microsoft-IIS/8.0
Set-Cookie: ASP.NET_SessionId=a2ysybyt2xtaqd12er4t5vqx; path=/; HttpOnly; SameSite=Lax
X-AspNetMvc-Version: 2.0
X-AspNet-Version: 4.0.30319
X-Powered-By: ASP.NET
Date: Wed, 23 Oct 2024 19:33:57 GMT
Content-Length: 402

{
    "Id": 4370523,
    "Content": "RESTJsonBody",
    "ItemsCount": 0,
    "Icon": 7,
    "ItemType": 2,
    "ParentId": null,
    "Collapsed": false,
    "ItemOrder": 166,
    "Children": [
        
    ],
    "IsProjectShared": false,
    "ProjectShareOwnerName": null,
    "ProjectShareOwnerEmail": null,
    "IsShareApproved": false,
    "IsOwnProject": true,
    "LastSyncedDateTime": "/Date(1729712038322)/",
    "LastUpdatedDate": "/Date(1729712038290)/",
    "Deleted": false,
    "SyncClientCreationId": null
}
Request method:	GET
Request URI:	https://todo.ly/api/projects/4370523.json
Proxy:			<none>
Request params:	<none>
Query params:	<none>
Form params:	<none>
Path params:	<none>
Headers:		Authorization=Basic YXBpMjAyNEAyMDI0LmNvbToxMjM0NQ==
				Accept=*/*
Cookies:		<none>
Multiparts:		<none>
Body:			<none>
HTTP/1.1 200 OK
Cache-Control: no-cache, no-store, must-revalidate
Pragma: no-cache
Content-Type: application/json; charset=utf-8
Expires: -1
Server: Microsoft-IIS/8.0
Set-Cookie: ASP.NET_SessionId=0ioxa1udsbraw3xtkjywfjpd; path=/; HttpOnly; SameSite=Lax
X-AspNetMvc-Version: 2.0
X-AspNet-Version: 4.0.30319
X-Powered-By: ASP.NET
Date: Wed, 23 Oct 2024 19:33:59 GMT
Content-Length: 402

{
    "Id": 4370523,
    "Content": "RESTJsonBody",
    "ItemsCount": 0,
    "Icon": 7,
    "ItemType": 2,
    "ParentId": null,
    "Collapsed": false,
    "ItemOrder": 166,
    "Children": [
        
    ],
    "IsProjectShared": false,
    "ProjectShareOwnerName": null,
    "ProjectShareOwnerEmail": null,
    "IsShareApproved": false,
    "IsOwnProject": true,
    "LastSyncedDateTime": "/Date(1729712040084)/",
    "LastUpdatedDate": "/Date(1729712038290)/",
    "Deleted": false,
    "SyncClientCreationId": null
}
Request method:	PUT
Request URI:	https://todo.ly/api/projects/4370523.json
Proxy:			<none>
Request params:	<none>
Query params:	<none>
Form params:	<none>
Path params:	<none>
Headers:		Authorization=Basic YXBpMjAyNEAyMDI0LmNvbToxMjM0NQ==
				Accept=*/*
				Content-Type=text/plain; charset=ISO-8859-1
Cookies:		<none>
Multiparts:		<none>
Body:
{"Content":"RESTUPDATE","Icon":10}
HTTP/1.1 200 OK
Cache-Control: no-cache, no-store, must-revalidate
Pragma: no-cache
Content-Type: application/json; charset=utf-8
Expires: -1
Server: Microsoft-IIS/8.0
Set-Cookie: ASP.NET_SessionId=hos5510v3t0mj4wn1xiiroft; path=/; HttpOnly; SameSite=Lax
X-AspNetMvc-Version: 2.0
X-AspNet-Version: 4.0.30319
X-Powered-By: ASP.NET
Date: Wed, 23 Oct 2024 19:34:01 GMT
Content-Length: 401

{
    "Id": 4370523,
    "Content": "RESTUPDATE",
    "ItemsCount": 0,
    "Icon": 10,
    "ItemType": 2,
    "ParentId": null,
    "Collapsed": false,
    "ItemOrder": 166,
    "Children": [
        
    ],
    "IsProjectShared": false,
    "ProjectShareOwnerName": null,
    "ProjectShareOwnerEmail": null,
    "IsShareApproved": false,
    "IsOwnProject": true,
    "LastSyncedDateTime": "/Date(1729712041301)/",
    "LastUpdatedDate": "/Date(1729712041303)/",
    "Deleted": false,
    "SyncClientCreationId": null
}
Request method:	DELETE
Request URI:	https://todo.ly/api/projects/4370523.json
Proxy:			<none>
Request params:	<none>
Query params:	<none>
Form params:	<none>
Path params:	<none>
Headers:		Authorization=Basic YXBpMjAyNEAyMDI0LmNvbToxMjM0NQ==
				Accept=*/*
Cookies:		<none>
Multiparts:		<none>
Body:			<none>
HTTP/1.1 200 OK
Cache-Control: no-cache, no-store, must-revalidate
Pragma: no-cache
Content-Type: application/json; charset=utf-8
Expires: -1
Server: Microsoft-IIS/8.0
Set-Cookie: ASP.NET_SessionId=y4yrfrncpvuw1yjb3vw22ljb; path=/; HttpOnly; SameSite=Lax
X-AspNetMvc-Version: 2.0
X-AspNet-Version: 4.0.30319
X-Powered-By: ASP.NET
Date: Wed, 23 Oct 2024 19:34:03 GMT
Content-Length: 400

{
    "Id": 4370523,
    "Content": "RESTUPDATE",
    "ItemsCount": 0,
    "Icon": 10,
    "ItemType": 2,
    "ParentId": null,
    "Collapsed": false,
    "ItemOrder": 166,
    "Children": [
        
    ],
    "IsProjectShared": false,
    "ProjectShareOwnerName": null,
    "ProjectShareOwnerEmail": null,
    "IsShareApproved": false,
    "IsOwnProject": true,
    "LastSyncedDateTime": "/Date(1729712044047)/",
    "LastUpdatedDate": "/Date(1729712044033)/",
    "Deleted": true,
    "SyncClientCreationId": null
}
]]></system-out>
  <system-err><![CDATA[]]></system-err>
</testsuite>
