<?xml version="1.0" encoding="UTF-8"?>
<testsuite name="basicRestAssured.CreateProjectTest2" tests="2" skipped="0" failures="0" errors="0" timestamp="2024-10-23T19:33:45" hostname="WENDYCACERES" time="5.256">
  <properties/>
  <testcase name="Verify Create Project by API - Todo.ly Extract Element" classname="basicRestAssured.CreateProjectTest2" time="2.25"/>
  <testcase name="Verify Create Project by API - Todo.ly JSONObject" classname="basicRestAssured.CreateProjectTest2" time="3.005"/>
  <system-out><![CDATA[Request method:	POST
Request URI:	https://todo.ly/api/projects.json
Proxy:			<none>
Request params:	<none>
Query params:	<none>
Form params:	<none>
Path params:	<none>
Headers:		Authorization=Basic YXBpMjAyNEAyMDI0LmNvbToxMjM0NQ==
				Accept=*/*
				Content-Type=text/plain; charset=ISO-8859-1
Cookies:		<none>
Multiparts:		<none>
Body:
{"Content":"RESTJsonBody","Icon":7}
HTTP/1.1 200 OK
Cache-Control: no-cache, no-store, must-revalidate
Pragma: no-cache
Content-Type: application/json; charset=utf-8
Expires: -1
Server: Microsoft-IIS/8.0
Set-Cookie: ASP.NET_SessionId=i12g02rb4a33tt335capl4vn; path=/; HttpOnly; SameSite=Lax
X-AspNetMvc-Version: 2.0
X-AspNet-Version: 4.0.30319
X-Powered-By: ASP.NET
Date: Wed, 23 Oct 2024 19:33:51 GMT
Content-Length: 402

{
    "Id": 4370520,
    "Content": "RESTJsonBody",
    "ItemsCount": 0,
    "Icon": 7,
    "ItemType": 2,
    "ParentId": null,
    "Collapsed": false,
    "ItemOrder": 163,
    "Children": [
        
    ],
    "IsProjectShared": false,
    "ProjectShareOwnerName": null,
    "ProjectShareOwnerEmail": null,
    "IsShareApproved": false,
    "IsOwnProject": true,
    "LastSyncedDateTime": "/Date(1729712031458)/",
    "LastUpdatedDate": "/Date(1729712031443)/",
    "Deleted": false,
    "SyncClientCreationId": null
}
id: 4370520
name: RESTJsonBody
Request method:	POST
Request URI:	https://todo.ly/api/projects.json
Proxy:			<none>
Request params:	<none>
Query params:	<none>
Form params:	<none>
Path params:	<none>
Headers:		Authorization=Basic YXBpMjAyNEAyMDI0LmNvbToxMjM0NQ==
				Accept=*/*
				Content-Type=text/plain; charset=ISO-8859-1
Cookies:		<none>
Multiparts:		<none>
Body:
{"Content":"RESTJsonBody","Icon":7}
HTTP/1.1 200 OK
Cache-Control: no-cache, no-store, must-revalidate
Pragma: no-cache
Content-Type: application/json; charset=utf-8
Expires: -1
Server: Microsoft-IIS/8.0
Set-Cookie: ASP.NET_SessionId=hbwofr2nnnzclzbbcpnmjqgg; path=/; HttpOnly; SameSite=Lax
X-AspNetMvc-Version: 2.0
X-AspNet-Version: 4.0.30319
X-Powered-By: ASP.NET
Date: Wed, 23 Oct 2024 19:33:53 GMT
Content-Length: 402

{
    "Id": 4370521,
    "Content": "RESTJsonBody",
    "ItemsCount": 0,
    "Icon": 7,
    "ItemType": 2,
    "ParentId": null,
    "Collapsed": false,
    "ItemOrder": 164,
    "Children": [
        
    ],
    "IsProjectShared": false,
    "ProjectShareOwnerName": null,
    "ProjectShareOwnerEmail": null,
    "IsShareApproved": false,
    "IsOwnProject": true,
    "LastSyncedDateTime": "/Date(1729712033267)/",
    "LastUpdatedDate": "/Date(1729712033253)/",
    "Deleted": false,
    "SyncClientCreationId": null
}
]]></system-out>
  <system-err><![CDATA[]]></system-err>
</testsuite>
