<?xml version="1.0" encoding="UTF-8"?>
<testsuite name="testSuite.UserTest" tests="1" skipped="0" failures="0" errors="0" timestamp="2024-10-23T19:34:08" hostname="WENDYCACERES" time="4.066">
  <properties/>
  <testcase name="Verify the create, read, update, delete user - todo.ly" classname="testSuite.UserTest" time="4.066"/>
  <system-out><![CDATA[Request method:	POST
Request URI:	https://todo.ly/api/user.json
Proxy:			<none>
Request params:	<none>
Query params:	<none>
Form params:	<none>
Path params:	<none>
Headers:		Accept=*/*
				Content-Type=text/plain; charset=ISO-8859-1
Cookies:		<none>
Multiparts:		<none>
Body:
{"Email":"1729712048212@upb2028.com","Content":"UPB2024","FullName":"upb1","Password":"12345!"}
HTTP/1.1 200 OK
Cache-Control: no-cache, no-store, must-revalidate
Pragma: no-cache
Content-Type: application/json; charset=utf-8
Expires: -1
Server: Microsoft-IIS/8.0
Set-Cookie: ASP.NET_SessionId=j5mad1bvgwt0pzzvuj1qyqje; path=/; HttpOnly; SameSite=Lax
X-AspNetMvc-Version: 2.0
X-AspNet-Version: 4.0.30319
X-Powered-By: ASP.NET
Date: Wed, 23 Oct 2024 19:34:13 GMT
Content-Length: 294

{
    "Id": 805531,
    "Email": "1729712048212@upb2028.com",
    "Password": null,
    "FullName": "upb1",
    "TimeZone": 0,
    "IsProUser": false,
    "DefaultProjectId": 4370526,
    "AddItemMoreExpanded": false,
    "EditDueDateMoreExpanded": false,
    "ListSortType": 0,
    "FirstDayOfWeek": 0,
    "NewTaskDueDate": -1,
    "TimeZoneId": "Pacific Standard Time"
}
Request method:	PUT
Request URI:	https://todo.ly/api/user/0.json
Proxy:			<none>
Request params:	<none>
Query params:	<none>
Form params:	<none>
Path params:	<none>
Headers:		Authorization=Basic MTcyOTcxMjA0ODIxMkB1cGIyMDI4LmNvbToxMjM0NSE=
				Accept=*/*
				Content-Type=text/plain; charset=ISO-8859-1
Cookies:		<none>
Multiparts:		<none>
Body:
{"Email":"1729712048212@upb2028.com","Content":"UPB2024","FullName":"UPB2025","Password":"12345!"}
HTTP/1.1 200 OK
Cache-Control: no-cache, no-store, must-revalidate
Pragma: no-cache
Content-Type: application/json; charset=utf-8
Expires: -1
Server: Microsoft-IIS/8.0
Set-Cookie: ASP.NET_SessionId=sf3egqeaccnuttbpgxasqczq; path=/; HttpOnly; SameSite=Lax
X-AspNetMvc-Version: 2.0
X-AspNet-Version: 4.0.30319
X-Powered-By: ASP.NET
Date: Wed, 23 Oct 2024 19:34:14 GMT
Content-Length: 297

{
    "Id": 805531,
    "Email": "1729712048212@upb2028.com",
    "Password": null,
    "FullName": "UPB2025",
    "TimeZone": 0,
    "IsProUser": false,
    "DefaultProjectId": 4370526,
    "AddItemMoreExpanded": false,
    "EditDueDateMoreExpanded": false,
    "ListSortType": 0,
    "FirstDayOfWeek": 0,
    "NewTaskDueDate": -1,
    "TimeZoneId": "Pacific Standard Time"
}
Request method:	DELETE
Request URI:	https://todo.ly/api/user/0.json
Proxy:			<none>
Request params:	<none>
Query params:	<none>
Form params:	<none>
Path params:	<none>
Headers:		Authorization=Basic MTcyOTcxMjA0ODIxMkB1cGIyMDI4LmNvbToxMjM0NSE=
				Accept=*/*
Cookies:		<none>
Multiparts:		<none>
Body:			<none>
HTTP/1.1 200 OK
Cache-Control: no-cache, no-store, must-revalidate
Pragma: no-cache
Content-Type: application/json; charset=utf-8
Expires: -1
Server: Microsoft-IIS/8.0
Set-Cookie: ASP.NET_SessionId=nxrnlobfgur2p2xjkp4d5cmd; path=/; HttpOnly; SameSite=Lax
X-AspNetMvc-Version: 2.0
X-AspNet-Version: 4.0.30319
X-Powered-By: ASP.NET
Date: Wed, 23 Oct 2024 19:34:16 GMT
Content-Length: 297

{
    "Id": 805531,
    "Email": "1729712048212@upb2028.com",
    "Password": null,
    "FullName": "UPB2025",
    "TimeZone": 0,
    "IsProUser": false,
    "DefaultProjectId": 4370526,
    "AddItemMoreExpanded": false,
    "EditDueDateMoreExpanded": false,
    "ListSortType": 0,
    "FirstDayOfWeek": 0,
    "NewTaskDueDate": -1,
    "TimeZoneId": "Pacific Standard Time"
}
]]></system-out>
  <system-err><![CDATA[]]></system-err>
</testsuite>
